08/11/2018 23:24:24 [DEBUG] Loaded placeholder: firework
08/11/2018 23:24:29 [INFO] Loading placeholder [WorldGuard] ...
08/11/2018 23:24:29 [DEBUG] Loaded placeholder: worldguard
08/11/2018 23:24:24 [INFO] Loading placeholder [Geographical] ...
08/11/2018 23:24:29 [INFO] Loading event hook: WorldGuard Region ...
08/11/2018 23:24:29 [INFO] Loading event hook: WorldGuard Region ...
08/11/2018 23:24:23 [INFO] Loading placeholders and event triggers ...
08/11/2018 23:24:24 [DEBUG] Loaded placeholder: geographical
08/11/2018 23:24:29 [INFO] Checking for placeholder updates ...
08/11/2018 23:24:29 [INFO] Loaded 2342 of the 2342 placholders
08/11/2018 23:24:30 [INFO] Loading custom effect 'example3' ...
08/11/2018 23:24:30 [INFO] Creating new custom effect: example3
08/11/2018 23:24:24 [INFO] Loading placeholder [Hotbar] ...
08/11/2018 23:24:31 [INFO] Loading custom effect 'example1' ...
08/11/2018 23:24:24 [DEBUG] Loaded placeholder: hotbar
08/11/2018 23:24:23 [INFO] Loading internal placeholders ...
08/11/2018 23:24:24 [INFO] Loading placeholder [JavaInfo] ...
08/11/2018 23:24:31 [INFO] Loading custom effect 'example2' ...
08/11/2018 23:24:31 [INFO] Creating new custom effect: example1
08/11/2018 23:24:31 [INFO] Creating new custom effect: example2
08/11/2018 23:24:23 [DEBUG] Loaded placeholder: CustomPlaceholders
08/11/2018 23:24:24 [DEBUG] Loaded placeholder: java
08/11/2018 23:24:31 [DEBUG]  - Server supports Team entries
08/11/2018 23:24:24 [INFO] Loading placeholder [LeaderHeads] ...
08/11/2018 23:24:31 [DEBUG] Using SCOREBOARD v7
08/11/2018 23:24:31 [DEBUG]  - Server supports Objective entries
08/11/2018 23:24:34 [INFO] Using OPTIMAL as the update strategy
08/11/2018 23:24:24 [DEBUG] Loaded placeholder: leaderheads
08/11/2018 23:24:34 [INFO] Loading scoreboard 'default' ...
08/11/2018 23:24:23 [DEBUG] Loaded placeholder: MySQL
08/11/2018 23:24:34 [DEBUG] 	Line: spacer-player1 Static: true
08/11/2018 23:24:34 [DEBUG] 	Line: player-label1 Static: true
08/11/2018 23:24:24 [INFO] Loading placeholder [Marriage] ...
08/11/2018 23:24:34 [DEBUG] 	Line: title Static: false
08/11/2018 23:24:23 [INFO] Fetching available placeholders from server ...
08/11/2018 23:24:24 [DEBUG] Loaded placeholder: marriage
08/11/2018 23:24:34 [DEBUG] 	Line: player-line1 Static: false
08/11/2018 23:24:34 [DEBUG] 	Line: player-line2 Static: false
08/11/2018 23:24:24 [INFO] Loading placeholder [Memory] ...
08/11/2018 23:24:24 [DEBUG] Loaded placeholder: memory
08/11/2018 23:24:23 [INFO] Loading placeholder [Armor] ...
08/11/2018 23:24:34 [DEBUG] 	Line: player-line3 Static: false
08/11/2018 23:24:34 [DEBUG] 	Line: spacer-player2 Static: false
08/11/2018 23:24:24 [INFO] Loading placeholder [Multiverse-Core] ...
08/11/2018 23:24:34 [DEBUG] 	Line: player-line5 Static: false
08/11/2018 23:24:34 [DEBUG] 	Line: player-label2 Static: true
08/11/2018 23:24:34 [DEBUG] 	Line: spacer-player3 Static: true
08/11/2018 23:24:23 [DEBUG] Loaded placeholder: armor
08/11/2018 23:24:34 [DEBUG] 	Line: player-line6 Static: false
08/11/2018 23:24:34 [DEBUG] 	Line: player-line7 Static: true
08/11/2018 23:24:24 [DEBUG] Loaded placeholder: multiverse
08/11/2018 23:24:24 [INFO] Loading placeholder [Permissions] ...
08/11/2018 23:24:34 [DEBUG] 	Line: spacer-player5 Static: true
08/11/2018 23:24:34 [DEBUG] 	Line: player-line31 Static: false
08/11/2018 23:24:34 [DEBUG] 	Line: spacer-player4 Static: true
08/11/2018 23:24:24 [DEBUG] Loaded placeholder: permissions
08/11/2018 23:24:23 [INFO] Loading placeholder [Bukkit] ...
08/11/2018 23:24:34 [DEBUG] 	Line: footer Static: false
08/11/2018 23:24:34 [DEBUG] Scoreboards groups sorted by priority:
08/11/2018 23:24:34 [DEBUG] 	default - 10
08/11/2018 23:24:24 [INFO] Loading placeholder [PlaceholderAPI] ...
08/11/2018 23:24:24 [DEBUG] Loaded placeholder: placeholderapi
08/11/2018 23:24:34 [INFO] Added 'PERMISSION' as the default scoreboard assign method
08/11/2018 23:24:23 [DEBUG] Loaded placeholder: bukkit
08/11/2018 23:24:23 [INFO] Loading placeholder [BungeeCord] ...
08/11/2018 23:24:24 [DEBUG] Loaded placeholder: player
08/11/2018 23:24:34 [INFO] Generating metrics information ...
08/11/2018 23:24:24 [INFO] Loading placeholder [Player] ...
08/11/2018 23:24:34 [INFO] Toggle persistence is disabled!
08/11/2018 23:24:34 [INFO] Adding command 'featherboard'
08/11/2018 23:24:34 [DEBUG] 	Adding sub command 'toggle'
08/11/2018 23:24:34 [DEBUG] 	Adding sub command 'on'
08/11/2018 23:24:24 [INFO] Loading placeholder [PlotSquared] ...
08/11/2018 23:24:35 [DEBUG] Refreshing group 'default' for new custom placeholder 'crazycrates_me.badbones69.crazycrates.api.objects.crate@253ce53f_total'
08/11/2018 23:24:35 [DEBUG] Refreshing group 'default' for new custom placeholder 'crazycrates_me.badbones69.crazycrates.api.objects.crate@253ce53f_physical'
08/11/2018 23:24:35 [DEBUG] Refreshing group 'default' for new custom placeholder 'crazycrates_me.badbones69.crazycrates.api.objects.crate@253ce53f'
08/11/2018 23:24:35 [DEBUG] Refreshing group 'default' for new custom placeholder 'crazycrates_me.badbones69.crazycrates.api.objects.crate@3e52d756_physical'
08/11/2018 23:24:35 [DEBUG] Refreshing group 'default' for new custom placeholder 'crazycrates_me.badbones69.crazycrates.api.objects.crate@3e52d756_total'
08/11/2018 23:24:34 [DEBUG] 	Adding sub command 'gui'
08/11/2018 23:24:35 [DEBUG] Refreshing group 'default' for new custom placeholder 'crazycrates_me.badbones69.crazycrates.api.objects.crate@5fa42e5f_total'
08/11/2018 23:24:35 [DEBUG] Refreshing group 'default' for new custom placeholder 'crazycrates_me.badbones69.crazycrates.api.objects.crate@4bacecbb'
08/11/2018 23:24:35 [DEBUG] Refreshing group 'default' for new custom placeholder 'crazycrates_me.badbones69.crazycrates.api.objects.crate@4bacecbb_physical'
08/11/2018 23:24:35 [DEBUG] Refreshing group 'default' for new custom placeholder 'crazycrates_me.badbones69.crazycrates.api.objects.crate@5ef53e6a_total'
08/11/2018 23:24:35 [DEBUG] Refreshing group 'default' for new custom placeholder 'crazycrates_me.badbones69.crazycrates.api.objects.crate@3e52d756'
08/11/2018 23:24:35 [DEBUG] Refreshing group 'default' for new custom placeholder 'crazycrates_me.badbones69.crazycrates.api.objects.crate@5fa42e5f'
08/11/2018 23:24:35 [DEBUG] Refreshing group 'default' for new custom placeholder 'crazycrates_me.badbones69.crazycrates.api.objects.crate@5fa42e5f_physical'
08/11/2018 23:24:35 [DEBUG] Refreshing group 'default' for new custom placeholder 'crazycrates_me.badbones69.crazycrates.api.objects.crate@5ef53e6a_physical'
08/11/2018 23:24:34 [DEBUG] 	Adding sub command 'off'
08/11/2018 23:24:25 [DEBUG] Loaded placeholder: plotsquared
08/11/2018 23:24:34 [DEBUG] 	Adding sub command 'debug'
08/11/2018 23:24:25 [INFO] Loading event hook: PlotSquared Plot ...
08/11/2018 23:24:34 [DEBUG] 	Adding sub command 'placeholders'
08/11/2018 23:24:25 [INFO] Loading event hook: PlotSquared Plot ...
08/11/2018 23:24:34 [DEBUG] 	Adding sub command 'reload'
08/11/2018 23:24:34 [DEBUG] 	Adding sub command 'add'
08/11/2018 23:24:34 [DEBUG] 	Adding sub command 'modules'
08/11/2018 23:24:34 [DEBUG] 	Adding sub command 'remove'
08/11/2018 23:24:34 [DEBUG] 	Adding sub command 'editsetting'
08/11/2018 23:24:25 [INFO] Loading placeholder [Previous Names] ...
08/11/2018 23:24:34 [DEBUG] 	Adding sub command 'about'
08/11/2018 23:24:34 [DEBUG] 	Adding sub command 'permissions'
08/11/2018 23:24:34 [DEBUG] 	Adding sub command 'info'
08/11/2018 23:24:34 [DEBUG] 	Adding sub command 'hide'
08/11/2018 23:24:34 [DEBUG] 	Adding sub command 'createscoreboard'
08/11/2018 23:24:34 [DEBUG] 	Adding sub command 'removescoreboard'
08/11/2018 23:24:25 [DEBUG] Loaded placeholder: previousnames
08/11/2018 23:24:34 [DEBUG] 	Adding sub command 'parse'
08/11/2018 23:24:34 [DEBUG] 	Adding sub command 'show'
08/11/2018 23:24:34 [DEBUG] 	Adding sub command 'generatebbcode'
08/11/2018 23:24:34 [DEBUG] 	Adding sub command 'help'
08/11/2018 23:24:34 [DEBUG] 	Adding sub command 'reload'
08/11/2018 23:24:23 [DEBUG] Loaded placeholder: bungeecord
08/11/2018 23:24:25 [INFO] Loading placeholder [RedisBungee] ...
08/11/2018 23:24:25 [DEBUG] Loaded placeholder: redisbungee
08/11/2018 23:24:25 [INFO] Loading placeholder [ServerPinger] ...
08/11/2018 23:24:23 [INFO] Loading placeholder [CommandPlaceholderPack] ...
08/11/2018 23:24:23 [INFO] Loading placeholder [Color] ...
08/11/2018 23:24:25 [DEBUG] Loaded placeholder: serverpinger
08/11/2018 23:24:23 [DEBUG] Loaded placeholder: color
08/11/2018 23:24:23 [DEBUG] Loaded placeholder: command
08/11/2018 23:24:25 [DEBUG] Loaded placeholder: sound
08/11/2018 23:24:34 [DEBUG] 	Adding sub command 'module'
08/11/2018 23:24:25 [DEBUG] Loaded placeholder: statistics
08/11/2018 23:24:25 [INFO] Loading placeholder [Sound Effects] ...
08/11/2018 23:24:25 [INFO] Loading placeholder [Statistics] ...
08/11/2018 23:24:35 [DEBUG] Refreshing group 'default' for new custom placeholder 'crazycrates_me.badbones69.crazycrates.api.objects.crate@5ef53e6a'
08/11/2018 23:24:23 [INFO] Loading placeholder [Compass placeholders] ...
08/11/2018 23:24:25 [INFO] Loading placeholder [TicksPerSecond] ...
08/11/2018 23:24:25 [DEBUG] Loaded placeholder: tickspersecond
08/11/2018 23:24:25 [INFO] Loading placeholder [Twitter] ...
08/11/2018 23:24:35 [DEBUG] Refreshing group 'default' for new custom placeholder 'crazycrates_me.badbones69.crazycrates.api.objects.crate@4bacecbb_total'
08/11/2018 23:24:23 [INFO] Loading placeholder [Economy] ...
08/11/2018 23:24:23 [DEBUG] Loaded placeholder: compass
08/11/2018 23:24:29 [DEBUG] Loaded placeholder: twitter
08/11/2018 23:24:29 [INFO] Loading placeholder [Unicode Characters] ...
08/11/2018 23:24:29 [DEBUG] Loaded placeholder: unicode
08/11/2018 23:24:29 [INFO] Loading placeholder [VanillaEvents] ...
08/11/2018 23:24:23 [DEBUG] Loaded placeholder: economy
08/11/2018 23:24:29 [INFO] Loading event hook: Vanilla Block break hook ...
08/11/2018 23:24:29 [INFO] Loading event hook: Vanilla Combat hook ...
08/11/2018 23:24:29 [DEBUG] Loaded placeholder: vanillaevents
08/11/2018 23:24:23 [INFO] Loading placeholder [Effects] ...
08/11/2018 23:24:29 [INFO] Loading event hook: Vanilla Block place hook ...
08/11/2018 23:24:23 [DEBUG] Loaded placeholder: playereffects
08/11/2018 23:24:29 [INFO] Loading event hook: Vanilla player rejoin ...
08/11/2018 23:24:29 [INFO] Loading event hook: Vanilla Death hook ...
08/11/2018 23:24:23 [INFO] Loading placeholder [Entities] ...
08/11/2018 23:24:29 [INFO] Loading event hook: Vanilla player first join ...
08/11/2018 23:24:23 [INFO] Loading placeholder [Essentials] ...
08/11/2018 23:24:29 [INFO] Loading event hook: Vanilla Create portal hook ...
08/11/2018 23:24:23 [DEBUG] Loaded placeholder: entities
08/11/2018 23:24:29 [INFO] Loading event hook: Vanilla player join ...
08/11/2018 23:24:29 [INFO] Loading event hook: Vanilla Combat hook ...
08/11/2018 23:24:29 [INFO] Loading event hook: Vanilla player first join ...
08/11/2018 23:24:29 [DEBUG] Loaded placeholder: world
08/11/2018 23:24:29 [INFO] Loading placeholder [World] ...
08/11/2018 23:24:29 [INFO] Loading event hook: Vanilla Death hook ...
08/11/2018 23:24:29 [INFO] Loading event hook: Vanilla player join ...
08/11/2018 23:24:29 [INFO] Loading event hook: Vanilla player rejoin ...
08/11/2018 23:24:29 [INFO] Loading event hook: Vanilla Block break hook ...
08/11/2018 23:24:23 [INFO] Loading messages ...
08/11/2018 23:24:29 [INFO] Loading event hook: Vanilla Block place hook ...
08/11/2018 23:24:24 [DEBUG] Loaded placeholder: facebook
08/11/2018 23:24:23 [DEBUG] Loaded placeholder: essentials
08/11/2018 23:24:23 [INFO] Loading placeholder [Facebook] ...
08/11/2018 23:24:23 [INFO] Loading language file: lang_en
08/11/2018 23:24:24 [INFO] Loading placeholder [FireworkEffect] ...
08/11/2018 23:24:29 [INFO] Loading event hook: Vanilla Create portal hook ...
08/11/2018 23:24:51 [INFO] Fetching modules from server ...
08/11/2018 23:24:51 [INFO] Checking for module updates ...
